<?xml version="1.0" encoding="UTF-8" ?>
<testsuite tests="9" failures="0" name="coursework_question2.TraderJTest" time="0.005" errors="0" skipped="0">
  <properties>
[...]
</properties>
  <testcase classname="coursework_question2.TraderJTest" name="coursework_testDisplayNoUnsoldCars" time="0.001"/>
  <testcase classname="coursework_question2.TraderJTest" name="coursework_testDisplayStatistics" time="0"/>
  <testcase classname="coursework_question2.TraderJTest" name="coursework_testInvalidRegister" time="0"/>
  <testcase classname="coursework_question2.TraderJTest" name="coursework_testTrader" time="0.001"/>
  <testcase classname="coursework_question2.TraderJTest" name="coursework_testDisplaySoldCars" time="0.001"/>
  <testcase classname="coursework_question2.TraderJTest" name="coursework_testDisplayNoSoldCars" time="0"/>
  <testcase classname="coursework_question2.TraderJTest" name="coursework_testDisplayUnsoldCars" time="0.001"/>
  <testcase classname="coursework_question2.TraderJTest" name="coursework_testInvalidPlaceOffer" time="0"/>
  <testcase classname="coursework_question2.TraderJTest" name="coursework_testPlaceOffer" time="0.001"/>
</testsuite>